<?xml version="1.0" encoding="UTF-8"?>
<testsuite name="Runner.Runner" tests="0" skipped="0" failures="0" errors="0" timestamp="1970-01-01T00:00:00" hostname="Celal-MacBook-Pro.local" time="0.0">
  <properties/>
  <system-out><![CDATA[#language:tr
Özellik: Hepsiburada test

  @register
  Senaryo: Kullanici girisi yapilarak sepete urun eklenmesi hepsiburada    # Register.feature:4
    Diyelim ki Hepsiburada sayfasini "https://www.hepsiburada.com/" acalim # RegisterStep.hepsiburadaSayfasiniAcalim(String)
    Ve "Giriş Yap" secenegine tiklanir                                     # RegisterStep.secenegineTiklanir(String)
    Ve "email" alanına "deneme@gmail.com" yazılır                          # RegisterStep.alanınaYazılır(String,String)
    Ve "password" alanına "test.123" yazılır                               # RegisterStep.alanınaYazılır(String,String)

1 Scenarios (1 passed)
4 Steps (4 passed)
0m15,743s

]]></system-out>
  <system-err><![CDATA[]]></system-err>
</testsuite>
